0 info it worked if it ends with ok
1 verbose cli [ '/usr/local/bin/node',
1 verbose cli   '/usr/local/bin/npm',
1 verbose cli   'install',
1 verbose cli   'i18next-conv',
1 verbose cli   '-g' ]
2 info using npm@1.4.28
3 info using node@v0.10.33
4 verbose cache add [ 'i18next-conv', null ]
5 verbose cache add name=undefined spec="i18next-conv" args=["i18next-conv",null]
6 verbose parsed url { protocol: null,
6 verbose parsed url   slashes: null,
6 verbose parsed url   auth: null,
6 verbose parsed url   host: null,
6 verbose parsed url   port: null,
6 verbose parsed url   hostname: null,
6 verbose parsed url   hash: null,
6 verbose parsed url   search: null,
6 verbose parsed url   query: null,
6 verbose parsed url   pathname: 'i18next-conv',
6 verbose parsed url   path: 'i18next-conv',
6 verbose parsed url   href: 'i18next-conv' }
7 silly lockFile a30d5259-i18next-conv i18next-conv
8 verbose lock i18next-conv /Users/esra/.npm/a30d5259-i18next-conv.lock
9 silly lockFile a30d5259-i18next-conv i18next-conv
10 silly lockFile a30d5259-i18next-conv i18next-conv
11 verbose addNamed [ 'i18next-conv', '' ]
12 verbose addNamed [ null, '*' ]
13 silly lockFile 7c6be931-i18next-conv i18next-conv@
14 verbose lock i18next-conv@ /Users/esra/.npm/7c6be931-i18next-conv.lock
15 silly addNameRange { name: 'i18next-conv', range: '*', hasData: false }
16 verbose request where is /i18next-conv
17 verbose request registry https://registry.npmjs.org/
18 verbose request id 8a679476fc1e8d28
19 verbose url raw /i18next-conv
20 verbose url resolving [ 'https://registry.npmjs.org/', './i18next-conv' ]
21 verbose url resolved https://registry.npmjs.org/i18next-conv
22 verbose request where is https://registry.npmjs.org/i18next-conv
23 info trying registry request attempt 1 at 17:40:50
24 http GET https://registry.npmjs.org/i18next-conv
25 info retry will retry, error on last attempt: Error: getaddrinfo ENOTFOUND
26 info trying registry request attempt 2 at 17:41:00
27 http GET https://registry.npmjs.org/i18next-conv
28 info retry will retry, error on last attempt: Error: getaddrinfo ENOTFOUND
29 info trying registry request attempt 3 at 17:42:00
30 http GET https://registry.npmjs.org/i18next-conv
31 http 200 https://registry.npmjs.org/i18next-conv
32 silly registry.get cb [ 200,
32 silly registry.get   { date: 'Sat, 18 Apr 2015 14:41:58 GMT',
32 silly registry.get     server: 'CouchDB/1.5.0 (Erlang OTP/R16B03)',
32 silly registry.get     etag: '"BT005KGLF2FDJ4GTD75OWVMIO"',
32 silly registry.get     'content-type': 'application/json',
32 silly registry.get     'cache-control': 'max-age=60',
32 silly registry.get     'content-length': '13403',
32 silly registry.get     'accept-ranges': 'bytes',
32 silly registry.get     via: '1.1 varnish',
32 silly registry.get     age: '0',
32 silly registry.get     'x-served-by': 'cache-fra1246-FRA',
32 silly registry.get     'x-cache': 'MISS',
32 silly registry.get     'x-cache-hits': '0',
32 silly registry.get     'x-timer': 'S1429368117.572080,VS0,VE738',
32 silly registry.get     vary: 'Accept',
32 silly registry.get     'keep-alive': 'timeout=10, max=50',
32 silly registry.get     connection: 'Keep-Alive' } ]
33 silly addNameRange number 2 { name: 'i18next-conv', range: '*', hasData: true }
34 silly addNameRange versions [ 'i18next-conv',
34 silly addNameRange   [ '0.0.1',
34 silly addNameRange     '0.0.2',
34 silly addNameRange     '0.0.3',
34 silly addNameRange     '0.0.5',
34 silly addNameRange     '0.0.6',
34 silly addNameRange     '0.1.0',
34 silly addNameRange     '0.1.1',
34 silly addNameRange     '0.1.2',
34 silly addNameRange     '0.1.3',
34 silly addNameRange     '0.1.4' ] ]
35 verbose addNamed [ 'i18next-conv', '0.1.4' ]
36 verbose addNamed [ '0.1.4', '0.1.4' ]
37 silly lockFile 0057fd25-i18next-conv-0-1-4 i18next-conv@0.1.4
38 verbose lock i18next-conv@0.1.4 /Users/esra/.npm/0057fd25-i18next-conv-0-1-4.lock
39 silly lockFile 5c8242cb-next-conv-i18next-conv-0-1-4-tgz https://registry.npmjs.org/i18next-conv/-/i18next-conv-0.1.4.tgz
40 verbose lock https://registry.npmjs.org/i18next-conv/-/i18next-conv-0.1.4.tgz /Users/esra/.npm/5c8242cb-next-conv-i18next-conv-0-1-4-tgz.lock
41 verbose addRemoteTarball [ 'https://registry.npmjs.org/i18next-conv/-/i18next-conv-0.1.4.tgz',
41 verbose addRemoteTarball   'fdc934b408b641046f2ef2a221cfd278ce73b2db' ]
42 info retry fetch attempt 1 at 17:42:02
43 verbose fetch to= /var/folders/r2/bys6l2lx40q5k611mrw649lr0000gn/T/npm-58402-86u4zNEc/registry.npmjs.org/i18next-conv/-/i18next-conv-0.1.4.tgz
44 http GET https://registry.npmjs.org/i18next-conv/-/i18next-conv-0.1.4.tgz
45 http 200 https://registry.npmjs.org/i18next-conv/-/i18next-conv-0.1.4.tgz
46 silly lockFile 5c8242cb-next-conv-i18next-conv-0-1-4-tgz https://registry.npmjs.org/i18next-conv/-/i18next-conv-0.1.4.tgz
47 silly lockFile 5c8242cb-next-conv-i18next-conv-0-1-4-tgz https://registry.npmjs.org/i18next-conv/-/i18next-conv-0.1.4.tgz
48 silly lockFile 0057fd25-i18next-conv-0-1-4 i18next-conv@0.1.4
49 silly lockFile 0057fd25-i18next-conv-0-1-4 i18next-conv@0.1.4
50 silly lockFile 7c6be931-i18next-conv i18next-conv@
51 silly lockFile 7c6be931-i18next-conv i18next-conv@
52 silly resolved [ { author: { name: 'jamuhl' },
52 silly resolved     name: 'i18next-conv',
52 silly resolved     description: 'converts .mo and .po files to i18next\'s json format and vice versa.',
52 silly resolved     keywords: [ 'i18next', 'gettext' ],
52 silly resolved     version: '0.1.4',
52 silly resolved     private: false,
52 silly resolved     preferGlobal: 'true',
52 silly resolved     main: 'index.js',
52 silly resolved     repository:
52 silly resolved      { type: 'git',
52 silly resolved        url: 'https://github.com/jamuhl/i18next-gettext-converter.git' },
52 silly resolved     engines: { node: '>= 0.6.0' },
52 silly resolved     dependencies:
52 silly resolved      { colors: '^1.0.3',
52 silly resolved        commander: '^2.5.0',
52 silly resolved        mkdirp: '^0.5.0',
52 silly resolved        'node-gettext': '^0.2.14' },
52 silly resolved     devDependencies:
52 silly resolved      { async: '^0.9.0',
52 silly resolved        chai: '^1.10.0',
52 silly resolved        grunt: '^0.4.5',
52 silly resolved        'grunt-mocha-test': '^0.12.4' },
52 silly resolved     scripts: { test: 'grunt mochaTest' },
52 silly resolved     bin: { 'i18next-conv': 'program.js' },
52 silly resolved     gitHead: 'ed209022c927a19f0073f490270981dfec38763a',
52 silly resolved     bugs: { url: 'https://github.com/jamuhl/i18next-gettext-converter/issues' },
52 silly resolved     homepage: 'https://github.com/jamuhl/i18next-gettext-converter',
52 silly resolved     _id: 'i18next-conv@0.1.4',
52 silly resolved     _shasum: 'fdc934b408b641046f2ef2a221cfd278ce73b2db',
52 silly resolved     _from: 'i18next-conv@',
52 silly resolved     _npmVersion: '2.1.6',
52 silly resolved     _nodeVersion: '0.10.33',
52 silly resolved     _npmUser: { name: 'redking', email: 'cormac.flynn@gmail.com' },
52 silly resolved     maintainers: [ [Object], [Object] ],
52 silly resolved     dist:
52 silly resolved      { shasum: 'fdc934b408b641046f2ef2a221cfd278ce73b2db',
52 silly resolved        tarball: 'http://registry.npmjs.org/i18next-conv/-/i18next-conv-0.1.4.tgz' },
52 silly resolved     directories: {},
52 silly resolved     _resolved: 'https://registry.npmjs.org/i18next-conv/-/i18next-conv-0.1.4.tgz' } ]
53 info install i18next-conv@0.1.4 into /usr/local/lib
54 info installOne i18next-conv@0.1.4
55 verbose lib/node_modules/i18next-conv unbuild
56 verbose tar unpack /Users/esra/.npm/i18next-conv/0.1.4/package.tgz
57 silly lockFile c076aea3-al-lib-node-modules-i18next-conv tar:///usr/local/lib/node_modules/i18next-conv
58 verbose lock tar:///usr/local/lib/node_modules/i18next-conv /Users/esra/.npm/c076aea3-al-lib-node-modules-i18next-conv.lock
59 silly lockFile 7d20928e-m-i18next-conv-0-1-4-package-tgz tar:///Users/esra/.npm/i18next-conv/0.1.4/package.tgz
60 verbose lock tar:///Users/esra/.npm/i18next-conv/0.1.4/package.tgz /Users/esra/.npm/7d20928e-m-i18next-conv-0-1-4-package-tgz.lock
61 silly gunzTarPerm modes [ '755', '644' ]
62 error Error: EACCES, mkdir '/usr/local/lib/node_modules/i18next-conv'
62 error  { [Error: EACCES, mkdir '/usr/local/lib/node_modules/i18next-conv']
62 error   errno: 3,
62 error   code: 'EACCES',
62 error   path: '/usr/local/lib/node_modules/i18next-conv',
62 error   fstream_type: 'Directory',
62 error   fstream_path: '/usr/local/lib/node_modules/i18next-conv',
62 error   fstream_class: 'DirWriter',
62 error   fstream_stack:
62 error    [ '/usr/local/lib/node_modules/npm/node_modules/fstream/lib/dir-writer.js:36:23',
62 error      '/usr/local/lib/node_modules/npm/node_modules/mkdirp/index.js:46:53',
62 error      'Object.oncomplete (fs.js:107:15)' ] }
63 error Please try running this command again as root/Administrator.
64 error System Darwin 14.0.0
65 error command "/usr/local/bin/node" "/usr/local/bin/npm" "install" "i18next-conv" "-g"
66 error cwd /Users/esra/Desktop/proj/pootle-mobile/target/www/lang
67 error node -v v0.10.33
68 error npm -v 1.4.28
69 error path /usr/local/lib/node_modules/i18next-conv
70 error fstream_path /usr/local/lib/node_modules/i18next-conv
71 error fstream_type Directory
72 error fstream_class DirWriter
73 error code EACCES
74 error errno 3
75 error stack Error: EACCES, mkdir '/usr/local/lib/node_modules/i18next-conv'
76 error fstream_stack /usr/local/lib/node_modules/npm/node_modules/fstream/lib/dir-writer.js:36:23
76 error fstream_stack /usr/local/lib/node_modules/npm/node_modules/mkdirp/index.js:46:53
76 error fstream_stack Object.oncomplete (fs.js:107:15)
77 verbose exit [ 3, true ]
